d:\workspace\cpsc_589\treeproject\treeproject\debug\vc140.pdb
d:\workspace\cpsc_589\treeproject\treeproject\debug\vc140.idb
d:\workspace\cpsc_589\treeproject\treeproject\debug\applicationmanager.obj
d:\workspace\cpsc_589\treeproject\treeproject\debug\imgui.obj
d:\workspace\cpsc_589\treeproject\treeproject\debug\imgui_demo.obj
d:\workspace\cpsc_589\treeproject\treeproject\debug\imgui_draw.obj
d:\workspace\cpsc_589\treeproject\treeproject\debug\imgui_impl_glfw.obj
d:\workspace\cpsc_589\treeproject\treeproject\debug\imgui_impl_opengl3.obj
d:\workspace\cpsc_589\treeproject\treeproject\debug\imgui_widgets.obj
d:\workspace\cpsc_589\treeproject\treeproject\debug\graphicsmanager.obj
d:\workspace\cpsc_589\treeproject\treeproject\debug\inputmanager.obj
d:\workspace\cpsc_589\treeproject\treeproject\debug\main.obj
d:\workspace\cpsc_589\treeproject\debug\treeproject.ilk
d:\workspace\cpsc_589\treeproject\debug\treeproject.exe
d:\workspace\cpsc_589\treeproject\debug\treeproject.pdb
d:\workspace\cpsc_589\treeproject\treeproject\debug\treeproject.tlog\cl.command.1.tlog
d:\workspace\cpsc_589\treeproject\treeproject\debug\treeproject.tlog\cl.read.1.tlog
d:\workspace\cpsc_589\treeproject\treeproject\debug\treeproject.tlog\cl.write.1.tlog
d:\workspace\cpsc_589\treeproject\treeproject\debug\treeproject.tlog\link.command.1.tlog
d:\workspace\cpsc_589\treeproject\treeproject\debug\treeproject.tlog\link.read.1.tlog
d:\workspace\cpsc_589\treeproject\treeproject\debug\treeproject.tlog\link.write.1.tlog
